Start testing: Nov 30 23:55 ¢Dx¢D_?D°PCRE?!
----------------------------------------------------------
1/10 Testing: demangle
1/10 Test: demangle
Command: "C:/Users/840/Downloads/glog-master/glog-master/build2/Debug/demangle_unittest.exe"
Directory: C:/Users/840/Downloads/glog-master/glog-master/build2
"demangle" start time: Nov 30 23:55 ¢Dx¢D_?D°PCRE?!
Output:
----------------------------------------------------------
Passed 1 tests

PASS
<end of output>
Test time =   0.02 sec
----------------------------------------------------------
Test Passed.
"demangle" end time: Nov 30 23:55 ¢Dx¢D_?D°PCRE?!
"demangle" time elapsed: 00:00:00
----------------------------------------------------------

2/10 Testing: logging
2/10 Test: logging
Command: "C:/Users/840/Downloads/glog-master/glog-master/build2/Debug/logging_unittest.exe"
Directory: C:/Users/840/Downloads/glog-master/glog-master/build2
"logging" start time: Nov 30 23:55 ¢Dx¢D_?D°PCRE?!
Output:
----------------------------------------------------------
Passed 8 tests

PASS
I1130 23:55:49.304117  5944 googletest.h:504] Diff was successful
==== Test setting log file basename
E1130 23:55:49.312098  5944 logging_unittest.cc:663] •\Ø‡ø˘ª~°C
E1130 23:55:49.337030  5944 logging_unittest.cc:663] •\Ø‡ø˘ª~°C
==== Test setting log file basename without timestamp and appending properly
E1130 23:55:49.339025  5944 logging_unittest.cc:663] •\Ø‡ø˘ª~°C
I1130 23:55:49.339025  5944 logging_unittest.cc:729] message to new base, appending to preexisting file
E1130 23:55:49.339025  5944 logging_unittest.cc:663] •\Ø‡ø˘ª~°C
E1130 23:55:49.345010  5944 logging_unittest.cc:663] •\Ø‡ø˘ª~°C
E1130 23:55:49.349994  5944 logging_unittest.cc:663] •\Ø‡ø˘ª~°C
==== Test setting log file extension
I1130 23:55:49.349994  5944 logging_unittest.cc:801] message to new extension
E1130 23:55:49.350992  5944 logging_unittest.cc:663] •\Ø‡ø˘ª~°C
E1130 23:55:49.356976  5944 logging_unittest.cc:663] •\Ø‡ø˘ª~°C
E1130 23:55:49.366950  5944 logging_unittest.cc:663] •\Ø‡ø˘ª~°C
==== Test log wrapper
I1130 23:55:49.366950  5944 logging_unittest.cc:837] Send to wrapped logger
==== Test errno preservation
I1130 23:55:49.366950  5944 logging_unittest.cc:256] foo bar 10 3.4
E1130 23:55:49.366950  5944 logging_unittest.cc:260] Plog every 2, iteration 11: No error [0]
W1130 23:55:49.366950  5944 logging_unittest.cc:266] Log if every 5, iteration 11
I1130 23:55:49.366950  5944 logging_unittest.cc:269] Log if every 1, iteration 11
I1130 23:55:49.366950  5944 logging_unittest.cc:269] Log if every 1, iteration 12
E1130 23:55:49.366950  5944 logging_unittest.cc:270] Log if less than 3 every 2, iteration 12
E1130 23:55:49.367947  5944 logging_unittest.cc:260] Plog every 2, iteration 13: No such file or directory [2]
E1130 23:55:49.367947  5944 logging_unittest.cc:263] Log every 3, iteration 13
E1130 23:55:49.367947  5944 logging_unittest.cc:264] Log every 4, iteration 13
I1130 23:55:49.367947  5944 logging_unittest.cc:269] Log if every 1, iteration 13
I1130 23:55:49.367947  5944 logging_unittest.cc:269] Log if every 1, iteration 14
E1130 23:55:49.367947  5944 logging_unittest.cc:260] Plog every 2, iteration 15: Interrupted function call [4]
I1130 23:55:49.367947  5944 logging_unittest.cc:269] Log if every 1, iteration 15
E1130 23:55:49.367947  5944 logging_unittest.cc:263] Log every 3, iteration 16
W1130 23:55:49.367947  5944 logging_unittest.cc:266] Log if every 5, iteration 16
I1130 23:55:49.367947  5944 logging_unittest.cc:269] Log if every 1, iteration 16
E1130 23:55:49.367947  5944 logging_unittest.cc:260] Plog every 2, iteration 17: No such device or address [6]
E1130 23:55:49.367947  5944 logging_unittest.cc:264] Log every 4, iteration 17
I1130 23:55:49.367947  5944 logging_unittest.cc:269] Log if every 1, iteration 17
I1130 23:55:49.367947  5944 logging_unittest.cc:269] Log if every 1, iteration 18
E1130 23:55:49.368944  5944 logging_unittest.cc:260] Plog every 2, iteration 19: Exec format error [8]
E1130 23:55:49.368944  5944 logging_unittest.cc:263] Log every 3, iteration 19
I1130 23:55:49.368944  5944 logging_unittest.cc:269] Log if every 1, iteration 19
I1130 23:55:49.368944  5944 logging_unittest.cc:269] Log if every 1, iteration 20
W1130 23:55:49.368944  5944 logging_unittest.cc:273] log_if this
I1130 23:55:49.368944  5944 logging_unittest.cc:277] array
I1130 23:55:49.368944  5944 logging_unittest.cc:279] const array
E1130 23:55:49.368944  5944 logging_unittest.cc:281] foo 1000 0000001000 3e8
E1130 23:55:49.368944  5944 logging_unittest.cc:288] inner
E1130 23:55:49.368944  5944 logging_unittest.cc:285] outer
no prefix
PASS
<end of output>
Test time =   0.42 sec
----------------------------------------------------------
Test Passed.
"logging" end time: Nov 30 23:55 ¢Dx¢D_?D°PCRE?!
"logging" time elapsed: 00:00:00
----------------------------------------------------------

3/10 Testing: signalhandler
3/10 Test: signalhandler
Command: "C:/Users/840/Downloads/glog-master/glog-master/build2/Debug/signalhandler_unittest.exe"
Directory: C:/Users/840/Downloads/glog-master/glog-master/build2
"signalhandler" start time: Nov 30 23:55 ¢Dx¢D_?D°PCRE?!
Output:
----------------------------------------------------------
OK
<end of output>
Test time =   0.02 sec
----------------------------------------------------------
Test Passed.
"signalhandler" end time: Nov 30 23:55 ¢Dx¢D_?D°PCRE?!
"signalhandler" time elapsed: 00:00:00
----------------------------------------------------------

4/10 Testing: stacktrace
4/10 Test: stacktrace
Command: "C:/Users/840/Downloads/glog-master/glog-master/build2/Debug/stacktrace_unittest.exe"
Directory: C:/Users/840/Downloads/glog-master/glog-master/build2
"stacktrace" start time: Nov 30 23:55 ¢Dx¢D_?D°PCRE?!
Output:
----------------------------------------------------------
Obtained 10 stack frames.
Backtrace 0: expected: 00007FF7905E58A0..00007FF7905E59A0  actual: 00007FF7905E593F ... OK
Backtrace 1: expected: 00007FF7905E5BE0..00007FF7905E5CE0  actual: 00007FF7905E5C6B ... OK
Backtrace 2: expected: 00007FF7905E5C80..00007FF7905E5D80  actual: 00007FF7905E5D0F ... OK
Backtrace 3: expected: 00007FF7905E5D30..00007FF7905E5E30  actual: 00007FF7905E5DBF ... OK
Backtrace 4: expected: 00007FF7905E5DE0..00007FF7905E5EE0  actual: 00007FF7905E5E6F ... OK
Backtrace 5: expected: 00007FF7905E5800..00007FF7905E5900  actual: 00007FF7905E5889 ... OK
PASS
<end of output>
Test time =   0.02 sec
----------------------------------------------------------
Test Passed.
"stacktrace" end time: Nov 30 23:55 ¢Dx¢D_?D°PCRE?!
"stacktrace" time elapsed: 00:00:00
----------------------------------------------------------

5/10 Testing: stl_logging
5/10 Test: stl_logging
Command: "C:/Users/840/Downloads/glog-master/glog-master/build2/Debug/stl_logging_unittest.exe"
Directory: C:/Users/840/Downloads/glog-master/glog-master/build2
"stl_logging" start time: Nov 30 23:55 ¢Dx¢D_?D°PCRE?!
Output:
----------------------------------------------------------
PASS
<end of output>
Test time =   0.02 sec
----------------------------------------------------------
Test Passed.
"stl_logging" end time: Nov 30 23:55 ¢Dx¢D_?D°PCRE?!
"stl_logging" time elapsed: 00:00:00
----------------------------------------------------------

6/10 Testing: symbolize
6/10 Test: symbolize
Command: "C:/Users/840/Downloads/glog-master/glog-master/build2/Debug/symbolize_unittest.exe"
Directory: C:/Users/840/Downloads/glog-master/glog-master/build2
"symbolize" start time: Nov 30 23:55 ¢Dx¢D_?D°PCRE?!
Output:
----------------------------------------------------------
Test case TestWithReturnAddress passed.
Passed 1 tests

PASS
<end of output>
Test time =   0.02 sec
----------------------------------------------------------
Test Passed.
"symbolize" end time: Nov 30 23:55 ¢Dx¢D_?D°PCRE?!
"symbolize" time elapsed: 00:00:00
----------------------------------------------------------

7/10 Testing: cmake_package_config_init
7/10 Test: cmake_package_config_init
Command: "C:/Users/840/Downloads/cmake-3.16.0-win64-x64/cmake-3.16.0-win64-x64/bin/cmake.exe" "-DTEST_BINARY_DIR=C:/Users/840/Downloads/glog-master/glog-master/build2/test_package_config" "-DINITIAL_CACHE=C:/Users/840/Downloads/glog-master/glog-master/build2/test_package_config/glog_package_config_initial_cache.cmake" "-DCACHEVARS=set (BUILD_SHARED_LIBS OFF CACHE BOOL "Build shared libraries")
set (BUILD_TESTING ON CACHE BOOL "Build the testing tree.")
set (BZRCOMMAND "BZRCOMMAND-NOTFOUND" CACHE FILEPATH "Path to a program.")
set (CMAKE_CONFIGURATION_TYPES "Debug;Release;MinSizeRel;RelWithDebInfo" CACHE STRING "Semicolon separated list of supported configuration types, only supports Debug, Release, MinSizeRel, and RelWithDebInfo, anything else will be ignored.")
set (CMAKE_CXX_FLAGS "/DWIN32 /D_WINDOWS /W3 /GR /EHsc" CACHE STRING "Flags used by the CXX compiler during all build types.")
set (CMAKE_CXX_FLAGS_DEBUG "/MDd /Zi /Ob0 /Od /RTC1" CACHE STRING "Flags used by the CXX compiler during DEBUG builds.")
set (CMAKE_CXX_FLAGS_MINSIZEREL "/MD /O1 /Ob1 /DNDEBUG" CACHE STRING "Flags used by the CXX compiler during MINSIZEREL builds.")
set (CMAKE_CXX_FLAGS_RELEASE "/MD /O2 /Ob2 /DNDEBUG" CACHE STRING "Flags used by the CXX compiler during RELEASE builds.")
set (CMAKE_CXX_FLAGS_RELWITHDEBINFO "/MD /Zi /O2 /Ob1 /DNDEBUG" CACHE STRING "Flags used by the CXX compiler during RELWITHDEBINFO builds.")
set (CMAKE_CXX_STANDARD_LIBRARIES "kernel32.lib user32.lib gdi32.lib winspool.lib shell32.lib ole32.lib oleaut32.lib uuid.lib comdlg32.lib advapi32.lib" CACHE STRING "Libraries linked by default with all C++ applications.")
set (CMAKE_C_FLAGS "/DWIN32 /D_WINDOWS /W3" CACHE STRING "Flags used by the C compiler during all build types.")
set (CMAKE_C_FLAGS_DEBUG "/MDd /Zi /Ob0 /Od /RTC1" CACHE STRING "Flags used by the C compiler during DEBUG builds.")
set (CMAKE_C_FLAGS_MINSIZEREL "/MD /O1 /Ob1 /DNDEBUG" CACHE STRING "Flags used by the C compiler during MINSIZEREL builds.")
set (CMAKE_C_FLAGS_RELEASE "/MD /O2 /Ob2 /DNDEBUG" CACHE STRING "Flags used by the C compiler during RELEASE builds.")
set (CMAKE_C_FLAGS_RELWITHDEBINFO "/MD /Zi /O2 /Ob1 /DNDEBUG" CACHE STRING "Flags used by the C compiler during RELWITHDEBINFO builds.")
set (CMAKE_C_STANDARD_LIBRARIES "kernel32.lib user32.lib gdi32.lib winspool.lib shell32.lib ole32.lib oleaut32.lib uuid.lib comdlg32.lib advapi32.lib" CACHE STRING "Libraries linked by default with all C applications.")
set (CMAKE_EXE_LINKER_FLAGS "/machine:x64" CACHE STRING "Flags used by the linker during all build types.")
set (CMAKE_EXE_LINKER_FLAGS_DEBUG "/debug /INCREMENTAL" CACHE STRING "Flags used by the linker during DEBUG builds.")
set (CMAKE_EXE_LINKER_FLAGS_MINSIZEREL "/INCREMENTAL:NO" CACHE STRING "Flags used by the linker during MINSIZEREL builds.")
set (CMAKE_EXE_LINKER_FLAGS_RELEASE "/INCREMENTAL:NO" CACHE STRING "Flags used by the linker during RELEASE builds.")
set (CMAKE_EXE_LINKER_FLAGS_RELWITHDEBINFO "/debug /INCREMENTAL" CACHE STRING "Flags used by the linker during RELWITHDEBINFO builds.")
set (CMAKE_INSTALL_BINDIR "bin" CACHE PATH "User executables (bin)")
set (CMAKE_INSTALL_DATAROOTDIR "share" CACHE PATH "Read-only architecture-independent data root (share)")
set (CMAKE_INSTALL_INCLUDEDIR "include" CACHE PATH "C header files (include)")
set (CMAKE_INSTALL_LIBDIR "lib" CACHE PATH "Object code libraries (lib)")
set (CMAKE_INSTALL_LIBEXECDIR "libexec" CACHE PATH "Program executables (libexec)")
set (CMAKE_INSTALL_LOCALSTATEDIR "var" CACHE PATH "Modifiable single-machine data (var)")
set (CMAKE_INSTALL_OLDINCLUDEDIR "/usr/include" CACHE PATH "C header files for non-gcc (/usr/include)")
set (CMAKE_INSTALL_PREFIX "C:/Users/840/Downloads/cmake-3.16.0-win64-x64/cmake-3.16.0-win64-x64" CACHE PATH "Install path prefix, prepended onto install directories.")
set (CMAKE_INSTALL_SBINDIR "sbin" CACHE PATH "System admin executables (sbin)")
set (CMAKE_INSTALL_SHAREDSTATEDIR "com" CACHE PATH "Modifiable architecture-independent data (com)")
set (CMAKE_INSTALL_SYSCONFDIR "etc" CACHE PATH "Read-only single-machine data (etc)")
set (CMAKE_LINKER "C:/Program Files (x86)/Microsoft Visual Studio/2017/Community/VC/Tools/MSVC/14.16.27023/bin/Hostx86/x64/link.exe" CACHE FILEPATH "Path to a program.")
set (CMAKE_LINKER "C:/Program Files (x86)/Microsoft Visual Studio/2017/Community/VC/Tools/MSVC/14.16.27023/bin/Hostx86/x64/link.exe" CACHE FILEPATH "Path to a program.")
set (CMAKE_MODULE_LINKER_FLAGS "/machine:x64" CACHE STRING "Flags used by the linker during the creation of modules during all build types.")
set (CMAKE_MODULE_LINKER_FLAGS_DEBUG "/debug /INCREMENTAL" CACHE STRING "Flags used by the linker during the creation of modules during DEBUG builds.")
set (CMAKE_MODULE_LINKER_FLAGS_MINSIZEREL "/INCREMENTAL:NO" CACHE STRING "Flags used by the linker during the creation of modules during MINSIZEREL builds.")
set (CMAKE_MODULE_LINKER_FLAGS_RELEASE "/INCREMENTAL:NO" CACHE STRING "Flags used by the linker during the creation of modules during RELEASE builds.")
set (CMAKE_MODULE_LINKER_FLAGS_RELWITHDEBINFO "/debug /INCREMENTAL" CACHE STRING "Flags used by the linker during the creation of modules during RELWITHDEBINFO builds.")
set (CMAKE_MT "CMAKE_MT-NOTFOUND" CACHE FILEPATH "Path to a program.")
set (CMAKE_MT "CMAKE_MT-NOTFOUND" CACHE FILEPATH "Path to a program.")
set (CMAKE_RC_COMPILER "rc" CACHE FILEPATH "RC compiler")
set (CMAKE_RC_COMPILER "rc" CACHE FILEPATH "RC compiler")
set (CMAKE_RC_FLAGS "-DWIN32" CACHE STRING "Flags for Windows Resource Compiler during all build types.")
set (CMAKE_RC_FLAGS_DEBUG "-D_DEBUG" CACHE STRING "Flags for Windows Resource Compiler during DEBUG builds.")
set (CMAKE_SHARED_LINKER_FLAGS "/machine:x64" CACHE STRING "Flags used by the linker during the creation of shared libraries during all build types.")
set (CMAKE_SHARED_LINKER_FLAGS_DEBUG "/debug /INCREMENTAL" CACHE STRING "Flags used by the linker during the creation of shared libraries during DEBUG builds.")
set (CMAKE_SHARED_LINKER_FLAGS_MINSIZEREL "/INCREMENTAL:NO" CACHE STRING "Flags used by the linker during the creation of shared libraries during MINSIZEREL builds.")
set (CMAKE_SHARED_LINKER_FLAGS_RELEASE "/INCREMENTAL:NO" CACHE STRING "Flags used by the linker during the creation of shared libraries during RELEASE builds.")
set (CMAKE_SHARED_LINKER_FLAGS_RELWITHDEBINFO "/debug /INCREMENTAL" CACHE STRING "Flags used by the linker during the creation of shared libraries during RELWITHDEBINFO builds.")
set (CMAKE_SKIP_INSTALL_RPATH OFF CACHE BOOL "If set, runtime paths are not added when installing shared libraries, but are added when building.")
set (CMAKE_SKIP_RPATH OFF CACHE BOOL "If set, runtime paths are not added when using shared libraries.")
set (CMAKE_STATIC_LINKER_FLAGS "/machine:x64" CACHE STRING "Flags used by the linker during the creation of static libraries during all build types.")
set (CMAKE_VERBOSE_MAKEFILE OFF CACHE BOOL "If this value is on, makefiles will be generated without the .SILENT directive, and all commands will be echoed to the console during the make.  This is useful for debugging only. With Visual Studio IDE projects all commands are done without /nologo.")
set (COVERAGE_COMMAND "C:/MinGW/bin/gcov.exe" CACHE FILEPATH "Path to the coverage program that CTest uses for performing coverage inspection")
set (COVERAGE_EXTRA_FLAGS "-l" CACHE STRING "Extra command line flags to pass to the coverage tool")
set (CPACK_BINARY_7Z OFF CACHE BOOL "Enable to build 7-Zip packages")
set (CPACK_BINARY_IFW OFF CACHE BOOL "8/10 Testing: cmake_package_config_generate
8/10 Test: cmake_package_config_generate
Command: "C:/Users/840/Downloads/cmake-3.16.0-win64-x64/cmake-3.16.0-win64-x64/bin/cmake.exe" "-DPATH=C:\Program Files (x86)\Microsoft Visual Studio\2017\Community\VC\Tools\MSVC\14.16.27023\bin\HostX86\x64" "C:\Program Files (x86)\Microsoft Visual Studio\2017\Community\VC\Tools\MSVC\14.16.27023\bin\HostX86\x86" "C:\Program Files (x86)\Windows Kits\10\bin\10.0.17763.0\x86" "C:\Program Files (x86)\Microsoft SDKs\Windows\v10.0A\bin\NETFX 4.6.1 Tools" "C:\Program Files (x86)\Microsoft Visual Studio\2017\Community\Common7\tools" "C:\Program Files (x86)\Microsoft Visual Studio\2017\Community\Common7\ide" "C:\Program Files (x86)\HTML Help Workshop" "C:\Program Files (x86)\Microsoft Visual Studio\2017\Community\MSBuild\15.0\Bin" "C:\WINDOWS\Microsoft.NET\Framework\v4.0.30319;" "C:\Users\840\Desktop\ImageMagick-7.0.9-Q16" "C:\Program Files (x86)\Common Files\Intel\Shared Libraries\redist\intel64\compiler" "C:\Program Files\NVIDIA GPU Computing Toolkit\CUDA\v9.0\bin" "C:\Program Files\NVIDIA GPU Computing Toolkit\CUDA\v9.0\libnvvp" "C:\Windows\system32" "C:\Windows" "C:\Windows\System32\Wbem" "C:\Windows\System32\WindowsPowerShell\v1.0;C:\Windows\System32\OpenSSH;C:\Users\840\source\repos\bchcode\Assets" "C:\Users\840\source\repos\bchcode2\Assets" "C:\Program Files\MATLAB\R2018b\runtime\win64" "C:\Program Files\MATLAB\R2018b\bin" "C:\Program Files (x86)\NVIDIA Corporation\PhysX\Common" "C:\MinGW\bin" "C:\Strawberry\c\bin" "C:\Strawberry\perl\site\bin" "C:\Strawberry\perl\bin" "C:\Program Files\NVIDIA Corporation\NVIDIA NvDLISR" "C:\Program Files\CMake\bin" "C:\WINDOWS\system32" "C:\WINDOWS" "C:\WINDOWS\System32\Wbem" "C:\WINDOWS\System32\WindowsPowerShell\v1.0;C:\WINDOWS\System32\OpenSSH;C:\Program Files\Git\cmd" "C:\Users\840\AppData\Local\Microsoft\WindowsApps" "C:\Users\840\Anaconda3" "C:\Users\840\Anaconda3\Scripts" "C:\Users\840\Anaconda3\Library\bin" "C:\Qt\Qt5.12.1\5.12.1\msvc2017_64\bin" "C:\Users\840\AppData\Local\Programs\Microsoft VS Code\bin" "-DINITIAL_CACHE=C:/Users/840/Downloads/glog-master/glog-master/build2/test_package_config/glog_package_config_initial_cache.cmake" "-DTEST_BINARY_DIR=C:/Users/840/Downloads/glog-master/glog-master/build2/test_package_config/working_config" "-DSOURCE_DIR=C:/Users/840/Downloads/glog-master/glog-master/src/package_config_unittest/working_config" "-DPACKAGE_DIR=C:/Users/840/Downloads/glog-master/glog-master/build2" "-DGENERATOR=Visual Studio 15 2017" "-P" "C:/Users/840/Downloads/glog-master/glog-master/cmake/TestPackageConfig.cmake"
Directory: C:/Users/840/Downloads/glog-master/glog-master/build2
"cmake_package_config_generate" start time: Nov 30 23:55 ¢Dx¢D_?D°PCRE?!
Output:
----------------------------------------------------------
loading initial cache file C:/Users/840/Downloads/glog-master/glog-master/build2/test_package_config/glog_package_config_initial_cache.cmake
CMake Warning (dev) at C:/Users/840/Downloads/glog-master/glog-master/build2/test_package_config/glog_package_config_initial_cache.cmake:72 (set):
  Syntax error in cmake code at

    C:/Users/840/Downloads/glog-master/glog-master/build2/test_package_config/glog_package_config_initial_cache.cmake:72

  when parsing string

    C:\Users\840\Downloads\cmake-3.16.0-win64-x64\cmake-3.16.0-win64-x64\bin\cmake.exe --build . --config \"${CTEST_CONFIGURATION_TYPE}\"

  Invalid escape sequence \U

  Policy CMP0010 is not set: Bad variable reference syntax is an error.  Run
  "cmake --help-policy CMP0010" for policy details.  Use the cmake_policy
  command to set the policy and suppress this warning.
This warning is for project developers.  Use -Wno-dev to suppress it.

-- Selecting Windows SDK version 10.0.17763.0 to target Windows 10.0.18362.
-- The C compiler identification is unknown
-- The CXX compiler identification is MSVC 19.16.27027.1
CMake Error at CMakeLists.txt:2 (project):
  No CMAKE_C_COMPILER could be found.



-- Check for working CXX compiler: C:/Program Files (x86)/Microsoft Visual Studio/2017/Community/VC/Tools/MSVC/14.16.27023/bin/Hostx86/x86/cl.exe
-- Check for working CXX compiler: C:/Program Files (x86)/Microsoft Visual Studio/2017/Community/VC/Tools/MSVC/14.16.27023/bin/Hostx86/x86/cl.exe -- works
-- Detecting CXX compiler ABI info
-- Detecting CXX compiler ABI info - done
-- Detecting CXX compile features
-- Detecting CXX compile features - done
-- Configuring incomplete, errors occurred!
See also "C:/Users/840/Downloads/glog-master/glog-master/build2/test_package_config/working_config/CMakeFiles/CMakeOutput.log".
CMake Error at C:/Users/840/Downloads/glog-master/glog-master/cmake/TestPackageConfig.cmake:32 (message):
  Failed to generate project files using CMake


<end of output>
Test time =   4.15 sec
----------------------------------------------------------
Test Failed.
"cmake_package_config_generate" end time: Nov 30 23:55 ¢Dx¢D_?D°PCRE?!
"cmake_package_config_generate" time elapsed: 00:00:04
----------------------------------------------------------

Failed test dependencies: cmake_package_config_generate
9/10 Testing: cmake_package_config_build
9/10 Test: cmake_package_config_build
Command: ""
Directory: C:/Users/840/Downloads/glog-master/glog-master/build2
"cmake_package_config_build" start time: 
Output:
----------------------------------------------------------
<end of output>
Test time =   0.00 sec
----------------------------------------------------------
Test Passed.
"cmake_package_config_build" end time: Nov 30 23:55 ¢Dx¢D_?D°PCRE?!
"cmake_package_config_build" time elapsed: 00:00:00
----------------------------------------------------------

10/10 Testing: cmake_package_config_cleanup
10/10 Test: cmake_package_config_cleanup
Command: "C:/Users/840/Downloads/cmake-3.16.0-win64-x64/cmake-3.16.0-win64-x64/bin/cmake.exe" "-E" "remove_directory" "C:/Users/840/Downloads/glog-master/glog-master/build2/test_package_config"
Directory: C:/Users/840/Downloads/glog-master/glog-master/build2
"cmake_package_config_cleanup" start time: Nov 30 23:55 ¢Dx¢D_?D°PCRE?!
Output:
----------------------------------------------------------
Error removing directory "C:/Users/840/Downloads/glog-master/glog-master/build2/test_package_config".
<end of output>
Test time =   0.04 sec
----------------------------------------------------------
Test Failed.
"cmake_package_config_cleanup" end time: Nov 30 23:55 ¢Dx¢D_?D°PCRE?!
"cmake_package_config_cleanup" time elapsed: 00:00:00
----------------------------------------------------------

End testing: Nov 30 23:55 ¢Dx¢D_?D°PCRE?!
SVC/14.16.27023/bin/Hostx86/x86/cl.exe
-- Check for working C compiler: C:/Program Files (x86)/Microsoft Visual Studio/2017/Community/VC/Tools/MSVC/14.16.27023/bin/Hostx86/x86/cl.exe -- broken
CMake Error at C:/Users/840/Downloads/cmake-3.16.0-win64-x64/cmake-3.16.0-win64-x64/share/cmake-3.16/Modules/CMakeTestCCompiler.cmake:60 (message):
  The C compiler

    "C:/Program Files (x86)/Microsoft Visual Studio/2017/Community/VC/Tools/MSVC/14.16.27023/bin/Hostx86/x86/cl.exe"

  is not able to compile a simple test program.

  It fails with the following output:

    Change Dir: C:/Users/840/Downloads/glog-master/glog-master/build2/test_package_config/working_config/CMakeFiles/CMakeTmp
    
    Run Build Command(s):C:/Program Files (x86)/Microsoft Visual Studio/2017/Community/MSBuild/15.0/Bin/MSBuild.exe cmTC_26b04.vcxproj /p:Configuration=Debug /p:Platform=Win32 /p:VisualStudioVersion=15.0 /v:m && Microsoft (R) Build Engine for .NET Framework 15.9.21+g9802d43bc3 ??
    Copyright (C) Microsoft Corporation. ?Ó§ò?ÁîàÔìÅ??Ôê≠?ÈäùËô´??Ó©í??Ôã™??Êäº¬Ä?
    
      Microsoft (R) C/C++ Optimizing Compiler Version 19.16.27027.1 for x86
      Copyright (C) Microsoft Corporation.  All rights reserved.
      
      cl /c /Zi /W3 /WX- /diagnostics:classic /Od /Ob0 /Oy- /D WIN32 /D _WINDOWS /D "CMAKE_INTDIR=\"Debug\"" /D _MBCS /Gm- /RTC1 /MDd /GS /fp:precise /Zc:wchar_t /Zc:forScope /Zc:inline /Fo"cmTC_26b04.dir\Debug\\" /Fd"cmTC_26b04.dir\Debug\vc141.pdb" /Gd /TC /analyze- /errorReport:queue "C:\Users\840\Downloads\glog-master\glog-master\build2\test_package_config\working_config\CMakeFiles\CMakeTmp\testCCompiler.c"
      testCCompiler.c
      
    c1 : fatal error C1083: Cannot open source file: 'C:\Users\840\Downloads\glog-master\glog-master\build2\test_package_config\working_config\CMakeFiles\CMakeTmp\testCCompiler.c': No such file or directory [C:\Users\840\Downloads\glog-master\glog-master\build2\test_package_config\working_config\CMakeFiles\CMakeTmp\cmTC_26b04.vcxproj]
    
    

  

  CMake will not be able to correctly generate this project.
Call Stack (most recent call first):
  CMakeLists.txt:2 (project)


-- Configuring incomplete, errors occurred!
See also "C:/Users/840/Downloads/glog-master/glog-master/build2/test_package_config/working_config/CMakeFiles/CMakeOutput.log".
See also "C:/Users/840/Downloads/glog-master/glog-master/build2/test_package_config/working_config/CMakeFiles/CMakeError.log".
CMake Error at C:/Users/840/Downloads/glog-master/glog-master/cmake/TestPackageConfig.cmake:32 (message):
  Failed to generate project files using CMake


<end of output>
Test time =   2.49 sec
----------------------------------------------------------
Test Failed.
"cmake_package_config_generate" end time: Nov 30 23:55 ¢Dx¢D_?D°PCRE?!
"cmake_package_config_generate" time elapsed: 00:00:02
----------------------------------------------------------

Failed test dependencies: cmake_package_config_generate
9/10 Testing: cmake_package_config_build
9/10 Test: cmake_package_config_build
Command: ""
Directory: C:/Users/840/Downloads/glog-master/glog-master/build2
"cmake_package_config_build" start time: 
Output:
----------------------------------------------------------
<end of output>
Test time =   0.00 sec
----------------------------------------------------------
Test Passed.
"cmake_package_config_build" end time: Nov 30 23:55 ¢Dx¢D_?D°PCRE?!
"cmake_package_config_build" time elapsed: 00:00:00
----------------------------------------------------------

10/10 Testing: cmake_package_config_cleanup
10/10 Test: cmake_package_config_cleanup
Command: "C:/Users/840/Downloads/cmake-3.16.0-win64-x64/cmake-3.16.0-win64-x64/bin/cmake.exe" "-E" "remove_directory" "C:/Users/840/Downloads/glog-master/glog-master/build2/test_package_config"
Directory: C:/Users/840/Downloads/glog-master/glog-master/build2
"cmake_package_config_cleanup" start time: Nov 30 23:55 ¢Dx¢D_?D°PCRE?!
Output:
----------------------------------------------------------
Error removing directory "C:/Users/840/Downloads/glog-master/glog-master/build2/test_package_config".
<end of output>
Test time =   0.05 sec
----------------------------------------------------------
Test Failed.
"cmake_package_config_cleanup" end time: Nov 30 23:55 ¢Dx¢D_?D°PCRE?!
"cmake_package_config_cleanup" time elapsed: 00:00:00
----------------------------------------------------------

End testing: Nov 30 23:55 ¢Dx¢D_?D°PCRE?!
