<?xml version="1.0" encoding="UTF-8"?>
<Site BuildName="Win32-MSBuild"
	BuildStamp="20191130-1555-Experimental"
	Name="DESKTOP-C0459JH"
	Generator="ctest-3.16.0"
	CompilerName="C:/Program Files (x86)/Microsoft Visual Studio/2017/Community/VC/Tools/MSVC/14.16.27023/bin/Hostx86/x64/cl.exe"
	CompilerVersion="19.16.27027.1"
	OSName="Windows"
	Hostname="DESKTOP-C0459JH"
	OSRelease=" Professional"
	OSVersion=" (Build 18362)"
	OSPlatform="AMD64"
	Is64Bits="1"
	VendorString="GenuineIntel"
	VendorID="Intel Corporation"
	FamilyID="6"
	ModelID="14"
	ProcessorCacheSize="-1"
	NumberOfLogicalCPU="8"
	NumberOfPhysicalCPU="4"
	TotalVirtualMemory="75216"
	TotalPhysicalMemory="65488"
	LogicalProcessorsPerPhysical="2"
	ProcessorClockFrequency="3600"
	>
	<Build>
		<StartDateTime>Nov 30 23:55 [NON-UTF-8-BYTE-0xA2]Dx[NON-UTF-8-BYTE-0xA2]D_?D[NON-UTF-8-BYTE-0xA1]PCRE?!</StartDateTime>
		<StartBuildTime>1575129347</StartBuildTime>
		<BuildCommand>C:\Users\840\Downloads\cmake-3.16.0-win64-x64\cmake-3.16.0-win64-x64\bin\cmake.exe --build . --config "Debug"</BuildCommand>
		<Error>
			<BuildLogLine>5</BuildLogLine>
			<Text>C:\Users\840\Downloads\glog-master\glog-master\src\demangle.cc : fatal error C1041: cannot open program database 'C:\Users\840\Downloads\glog-master\glog-master\build2\glog.dir\Debug\glog.pdb'; if multiple CL.EXE write to the same .PDB file, please use /FS [C:\Users\840\Downloads\glog-master\glog-master\build2\glog.vcxproj]</Text>
			<PreContext>Microsoft (R) Build Engine for .NET Framework 15.9.21+g9802d43bc3 版
Copyright (C) Microsoft Corporation. 著作權所有，並保留一切權利。

  demangle.cc
</PreContext>
			<PostContext>  logging.cc
</PostContext>
			<RepeatCount>0</RepeatCount>
		</Error>
		<Error>
			<BuildLogLine>7</BuildLogLine>
			<Text>C:\Users\840\Downloads\glog-master\glog-master\src\logging.cc : fatal error C1041: cannot open program database 'C:\Users\840\Downloads\glog-master\glog-master\build2\glog.dir\Debug\glog.pdb'; if multiple CL.EXE write to the same .PDB file, please use /FS [C:\Users\840\Downloads\glog-master\glog-master\build2\glog.vcxproj]</Text>
			<PreContext></PreContext>
			<PostContext>  raw_logging.cc
</PostContext>
			<RepeatCount>0</RepeatCount>
		</Error>
		<Error>
			<BuildLogLine>9</BuildLogLine>
			<Text>C:\Users\840\Downloads\glog-master\glog-master\src\raw_logging.cc : fatal error C1041: cannot open program database 'C:\Users\840\Downloads\glog-master\glog-master\build2\glog.dir\Debug\glog.pdb'; if multiple CL.EXE write to the same .PDB file, please use /FS [C:\Users\840\Downloads\glog-master\glog-master\build2\glog.vcxproj]</Text>
			<PreContext></PreContext>
			<PostContext>  symbolize.cc
</PostContext>
			<RepeatCount>0</RepeatCount>
		</Error>
		<Error>
			<BuildLogLine>11</BuildLogLine>
			<Text>C:\Users\840\Downloads\glog-master\glog-master\src\symbolize.cc : fatal error C1041: cannot open program database 'C:\Users\840\Downloads\glog-master\glog-master\build2\glog.dir\Debug\glog.pdb'; if multiple CL.EXE write to the same .PDB file, please use /FS [C:\Users\840\Downloads\glog-master\glog-master\build2\glog.vcxproj]</Text>
			<PreContext></PreContext>
			<PostContext>  utilities.cc
</PostContext>
			<RepeatCount>0</RepeatCount>
		</Error>
		<Error>
			<BuildLogLine>13</BuildLogLine>
			<Text>C:\Users\840\Downloads\glog-master\glog-master\src\utilities.cc : fatal error C1041: cannot open program database 'C:\Users\840\Downloads\glog-master\glog-master\build2\glog.dir\Debug\glog.pdb'; if multiple CL.EXE write to the same .PDB file, please use /FS [C:\Users\840\Downloads\glog-master\glog-master\build2\glog.vcxproj]</Text>
			<PreContext></PreContext>
			<PostContext>  vlog_is_on.cc
</PostContext>
			<RepeatCount>0</RepeatCount>
		</Error>
		<Error>
			<BuildLogLine>15</BuildLogLine>
			<Text>C:\Users\840\Downloads\glog-master\glog-master\src\vlog_is_on.cc : fatal error C1041: cannot open program database 'C:\Users\840\Downloads\glog-master\glog-master\build2\glog.dir\Debug\glog.pdb'; if multiple CL.EXE write to the same .PDB file, please use /FS [C:\Users\840\Downloads\glog-master\glog-master\build2\glog.vcxproj]</Text>
			<PreContext></PreContext>
			<PostContext>  signalhandler.cc
</PostContext>
			<RepeatCount>0</RepeatCount>
		</Error>
		<Error>
			<BuildLogLine>17</BuildLogLine>
			<Text>C:\Users\840\Downloads\glog-master\glog-master\src\signalhandler.cc : fatal error C1041: cannot open program database 'C:\Users\840\Downloads\glog-master\glog-master\build2\glog.dir\Debug\glog.pdb'; if multiple CL.EXE write to the same .PDB file, please use /FS [C:\Users\840\Downloads\glog-master\glog-master\build2\glog.vcxproj]</Text>
			<PreContext></PreContext>
			<PostContext>  Generating Code...
</PostContext>
			<RepeatCount>0</RepeatCount>
		</Error>
		<Warning>
			<BuildLogLine>1</BuildLogLine>
			<Text>*** WARNING non-zero return value in ctest from: C:\Users\840\Downloads\cmake-3.16.0-win64-x64\cmake-3.16.0-win64-x64\bin\cmake.exe</Text>
			<PreContext></PreContext>
			<PostContext></PostContext>
			<RepeatCount>0</RepeatCount>
		</Warning>
		<Log Encoding="base64" Compression="bin/gzip"/>
		<EndDateTime>Nov 30 23:55 [NON-UTF-8-BYTE-0xA2]Dx[NON-UTF-8-BYTE-0xA2]D_?D[NON-UTF-8-BYTE-0xA1]PCRE?!</EndDateTime>
		<EndBuildTime>1575129348</EndBuildTime>
		<ElapsedMinutes>0</ElapsedMinutes>
	</Build>
</Site>
