<?xml version="1.0" encoding="UTF-8"?>
<Site BuildName="Win32-MSBuild"
	BuildStamp="20191130-0400-Nightly"
	Name="DESKTOP-C0459JH"
	Generator="ctest-3.16.0"
	CompilerName="C:/Program Files (x86)/Microsoft Visual Studio/2017/Community/VC/Tools/MSVC/14.16.27023/bin/Hostx86/x64/cl.exe"
	CompilerVersion="19.16.27027.1"
	OSName="Windows"
	Hostname="DESKTOP-C0459JH"
	OSRelease=" Professional"
	OSVersion=" (Build 18362)"
	OSPlatform="AMD64"
	Is64Bits="1"
	VendorString="GenuineIntel"
	VendorID="Intel Corporation"
	FamilyID="6"
	ModelID="14"
	ProcessorCacheSize="-1"
	NumberOfLogicalCPU="8"
	NumberOfPhysicalCPU="4"
	TotalVirtualMemory="75216"
	TotalPhysicalMemory="65488"
	LogicalProcessorsPerPhysical="2"
	ProcessorClockFrequency="3600"
	>
	<Configure>
		<StartDateTime>Nov 30 23:55 [NON-UTF-8-BYTE-0xA2]Dx[NON-UTF-8-BYTE-0xA2]D_?D[NON-UTF-8-BYTE-0xA1]PCRE?!</StartDateTime>
		<StartConfigureTime>1575129345</StartConfigureTime>
		<ConfigureCommand>"C:/Users/840/Downloads/cmake-3.16.0-win64-x64/cmake-3.16.0-win64-x64/bin/cmake.exe" "C:/Users/840/Downloads/glog-master/glog-master"</ConfigureCommand>
		<Log>-- Selecting Windows SDK version 10.0.17763.0 to target Windows 10.0.18362.
-- Could NOT find Unwind (missing: Unwind_INCLUDE_DIR Unwind_LIBRARY Unwind_PLATFORM_LIBRARY) 
-- Configuring done
-- Generating done
-- Build files have been written to: C:/Users/840/Downloads/glog-master/glog-master/build2
</Log>
		<ConfigureStatus>0</ConfigureStatus>
		<EndDateTime>Nov 30 23:55 [NON-UTF-8-BYTE-0xA2]Dx[NON-UTF-8-BYTE-0xA2]D_?D[NON-UTF-8-BYTE-0xA1]PCRE?!</EndDateTime>
		<EndConfigureTime>1575129347</EndConfigureTime>
		<ElapsedMinutes>0</ElapsedMinutes>
	</Configure>
</Site>
